ValidationFailed: {
  "status": 422,
  "statusText": "Unprocessable Entity",
  "message": "Validation error",
  "details": {
    "errors": [
      {
        "name": "size",
        "details": "Size must be at least 1 and at most 64",
        "path": [
          "controls",
          15,
          "widgetId"
        ],
        "value": "",
        "min": 1,
        "max": 64
      },
      {
        "name": "regexp",
        "details": "Does not match /^[a-zA-Z0-9-_.]{1,64}$/",
        "path": [
          "controls",
          15,
          "widgetId"
        ],
        "value": "",
        "pattern": "^[a-zA-Z0-9-_.]{1,64}$"
      }
    ]
  },
  "request": {
    "url": "spaces/5v6w5j61tndm/environments/crn-3772/content_types/users/editor_interface",
    "headers": {
      "Accept": "application/json, text/plain, */*",
      "Content-Type": "application/vnd.contentful.management.v1+json",
      "X-Contentful-User-Agent": "app contentful-migrate/0.17.0; sdk contentful-management-plain.js/7.54.2; platform node.js/v20.8.0; os macOS/v20.8.0;",
      "Authorization": "Bearer ...wWEns",
      "user-agent": "node.js/v20.8.0",
      "Accept-Encoding": "gzip",
      "X-Contentful-Version": 92,
      "Content-Length": 4751
    },
    "method": "put",
    "payloadData": "{\"controls\":[{\"fieldId\":\"lastName\",\"widgetId\":\"singleLine\",\"widgetNamespace\":\"builtin\"},{\"fieldId\":\"firstName\",\"widgetId\":\"singleLine\",\"widgetNamespace\":\"builtin\"},{\"fieldId\":\"email\",\"widgetId\":\"singleLine\",\"widgetNamespace\":\"builtin\"},{\"fieldId\":\"orcid\",\"widgetId\":\"singleLine\",\"settings\":{\"helpText\":\"Mandatory for grantees. They cannot publish profile without an ORCID. ORCIDs cannot be repeated on the Hub.\"},\"widgetNamespace\":\"builtin\"},{\"fieldId\":\"degree\",\"widgetId\":\"dropdown\",\"widgetNamespace\":\"builtin\"},{\"fieldId\":\"country\",\"widgetId\":\"singleLine\",\"widgetNamespace\":\"builtin\"},{\"fieldId\":\"city\",\"widgetId\":\"singleLine\",\"widgetNamespace\":\"builtin\"},{\"fieldId\":\"jobTitle\",\"widgetId\":\"multipleLine\",\"widgetNamespace\":\"builtin\"},{\"fieldId\":\"institution\",\"widgetId\":\"singleLine\",\"widgetNamespace\":\"builtin\"},{\"fieldId\":\"contactEmail\",\"widgetId\":\"singleLine\",\"widgetNamespace\":\"builtin\"},{\"fieldId\":\"avatar\",\"widgetId\":\"assetLinkEditor\",\"widgetNamespace\":\"builtin\"},{\"fieldId\":\"website1\",\"widgetId\":\"urlEditor\",\"widgetNamespace\":\"builtin\"},{\"fieldId\":\"website2\",\"widgetId\":\"urlEditor\",\"widgetNamespace\":\"builtin\"},{\"fieldId\":\"linkedIn\",\"widgetId\":\"singleLine\",\"widgetNamespace\":\"builtin\"},{\"fieldId\":\"researcherId\",\"widgetId\":\"singleLine\",\"widgetNamespace\":\"builtin\"},{\"fieldId\":\"twitter\",\"widgetId\":\"\",\"settings\":{\"helpText\":\"does this work ?\"},\"widgetNamespace\":\"singleLine\"},{\"fieldId\":\"github\",\"widgetId\":\"singleLine\",\"widgetNamespace\":\"builtin\"},{\"fieldId\":\"googleScholar\",\"widgetId\":\"singleLine\",\"widgetNamespace\":\"builtin\"},{\"fieldId\":\"researchGate\",\"widgetId\":\"singleLine\",\"widgetNamespace\":\"builtin\"},{\"fieldId\":\"responsibilities\",\"widgetId\":\"multipleLine\",\"widgetNamespace\":\"builtin\"},{\"fieldId\":\"researchInterests\",\"widgetId\":\"multipleLine\",\"widgetNamespace\":\"builtin\"},{\"fieldId\":\"reachOut\",\"widgetId\":\"multipleLine\",\"settings\":{\"helpText\":\"Reach out reasons (only relevant for \\\\\\\"Staff\\\\\\\" users)\"},\"widgetNamespace\":\"builtin\"},{\"fieldId\":\"expertiseAndResourceDescription\",\"widgetId\":\"multipleLine\",\"widgetNamespace\":\"builtin\"},{\"fieldId\":\"expertiseAndResourceTags\",\"widgetId\":\"tagEditor\",\"widgetNamespace\":\"builtin\"},{\"fieldId\":\"questions\",\"widgetId\":\"objectEditor\",\"widgetNamespace\":\"builtin\"},{\"fieldId\":\"biography\",\"widgetId\":\"multipleLine\",\"settings\":{\"helpText\":\"This data shows up in the second tab\"},\"widgetNamespace\":\"builtin\"},{\"fieldId\":\"adminNotes\",\"widgetId\":\"multipleLine\",\"settings\":{\"helpText\":\"This is ASAP internal content and it's not being shown on the Hub\"},\"widgetNamespace\":\"builtin\"},{\"fieldId\":\"onboarded\",\"widgetId\":\"boolean\",\"settings\":{\"helpText\":\"Use this to allow the user to see the full Hub and skip profile completion\",\"trueLabel\":\"Yes\",\"falseLabel\":\"No\"},\"widgetNamespace\":\"builtin\"},{\"fieldId\":\"dismissedGettingStarted\",\"widgetId\":\"boolean\",\"settings\":{\"helpText\":\"Use this to hide the Getting Started component on the home page\"},\"widgetNamespace\":\"builtin\"},{\"fieldId\":\"connections\",\"widgetId\":\"tagEditor\",\"widgetNamespace\":\"builtin\"},{\"fieldId\":\"role\",\"widgetId\":\"dropdown\",\"settings\":{\"helpText\":\"Role on the ASAP Hub\"},\"widgetNamespace\":\"builtin\"},{\"fieldId\":\"orcidLastSyncDate\",\"widgetId\":\"6en82KYFrsxlAIPqypMdOp\",\"settings\":{\"observedField\":\"orcid\"},\"widgetNamespace\":\"app\"},{\"fieldId\":\"orcidLastModifiedDate\",\"widgetId\":\"datePicker\",\"widgetNamespace\":\"builtin\"},{\"fieldId\":\"orcidWorks\",\"widgetId\":\"2finDNk15g5UtOq4DaLNxv\",\"widgetNamespace\":\"app\"},{\"fieldId\":\"alumniSinceDate\",\"widgetId\":\"datePicker\",\"widgetNamespace\":\"builtin\"},{\"fieldId\":\"alumniLocation\",\"widgetId\":\"singleLine\",\"widgetNamespace\":\"builtin\"},{\"fieldId\":\"teams\",\"widgetId\":\"Yp64pYYDuRNHdvAAAJPYa\",\"settings\":{\"helpText\":\"Mandatory for grantees. They cannot publish profile without a team.\",\"entityName\":\"team\",\"showUserEmail\":false},\"widgetNamespace\":\"app\"},{\"fieldId\":\"labs\",\"widgetId\":\"entryLinksEditor\",\"settings\":{\"helpText\":\"Mandatory for grantees. They cannot publish profile without a lab.\",\"bulkEditing\":false,\"showLinkEntityAction\":true,\"showCreateEntityAction\":true},\"widgetNamespace\":\"builtin\"},{\"fieldId\":\"createdDate\",\"widgetId\":\"6AEbdOZc7KICbwW6KszNlp\",\"widgetNamespace\":\"app\"},{\"fieldId\":\"lastUpdated\",\"widgetId\":\"v97H7wgmtstfxNheYWy0G\",\"settings\":{\"exclude\":\"\"},\"widgetNamespace\":\"app\"}],\"sidebar\":[{\"settings\":{},\"widgetId\":\"publication-widget\",\"widgetNamespace\":\"sidebar-builtin\"},{\"settings\":{},\"widgetId\":\"content-preview-widget\",\"widgetNamespace\":\"sidebar-builtin\"},{\"settings\":{},\"widgetId\":\"incoming-links-widget\",\"widgetNamespace\":\"sidebar-builtin\"},{\"settings\":{},\"widgetId\":\"translation-widget\",\"widgetNamespace\":\"sidebar-builtin\"},{\"settings\":{},\"widgetId\":\"versions-widget\",\"widgetNamespace\":\"sidebar-builtin\"},{\"disabled\":true,\"widgetId\":\"releases-widget\",\"widgetNamespace\":\"sidebar-builtin\"}]}"
  },
  "requestId": "a11077e0-1446-4748-886c-10a870a4666c"
}
    at errorHandler (/Users/octavianratiu/Work/asap-hub/.yarn/cache/contentful-management-npm-7.54.2-2f00b9fbaa-4e602f3c99.zip/node_modules/contentful-management/dist/contentful-management.node.js:3459:15)
    at process.processTicksAndRejections (node:internal/process/task_queues:95:5)